[debug] [2021-05-10T19:08:52.860Z] ----------------------------------------------------------------------
[debug] [2021-05-10T19:08:52.862Z] Command:       C:\Program Files\nodejs\node.exe C:\Users\saqla\AppData\Roaming\npm\node_modules\firebase-tools\lib\bin\firebase.js init
[debug] [2021-05-10T19:08:52.863Z] CLI Version:   9.10.2
[debug] [2021-05-10T19:08:52.863Z] Platform:      win32
[debug] [2021-05-10T19:08:52.863Z] Node Version:  v14.16.1
[debug] [2021-05-10T19:08:52.869Z] Time:          Tue May 11 2021 00:08:52 GMT+0500 (Pakistan Standard Time)
[debug] [2021-05-10T19:08:52.869Z] ----------------------------------------------------------------------
[debug] 
[debug] [2021-05-10T19:08:52.872Z] >>> [apiv2][query] GET https://firebase-public.firebaseio.com/cli.json [none]
[debug] [2021-05-10T19:08:52.898Z] > command requires scopes: ["email","openid","https://www.googleapis.com/auth/cloudplatformprojects.readonly","https://www.googleapis.com/auth/firebase","https://www.googleapis.com/auth/cloud-platform"]
[debug] [2021-05-10T19:08:52.899Z] > authorizing via signed-in user (saqlainprinters@gmail.com)
[info] 
     ######## #### ########  ######## ########     ###     ######  ########
     ##        ##  ##     ## ##       ##     ##  ##   ##  ##       ##
     ######    ##  ########  ######   ########  #########  ######  ######
     ##        ##  ##    ##  ##       ##     ## ##     ##       ## ##
     ##       #### ##     ## ######## ########  ##     ##  ######  ########

You're about to initialize a Firebase project in this directory:

  C:\Users\saqla\Desktop\Projects\Fiverr\swippy

[debug] [2021-05-10T19:08:53.775Z] <<< [apiv2][status] GET https://firebase-public.firebaseio.com/cli.json 200
[debug] [2021-05-10T19:08:53.776Z] <<< [apiv2][body] GET https://firebase-public.firebaseio.com/cli.json {"cloudBuildErrorAfter":1594252800000,"cloudBuildWarnAfter":1590019200000,"defaultNode10After":1594252800000,"minVersion":"3.0.5","node8DeploysDisabledAfter":1613390400000,"node8RuntimeDisabledAfter":1615809600000,"node8WarnAfter":1600128000000}
